<?xml version="1.0" encoding="UTF-8"?>
<testng-results skipped="0" failed="0" ignored="0" total="2" passed="2">
  <reporter-output>
  </reporter-output>
  <suite name="Suite" duration-ms="130303" started-at="2019-06-14T07:58:50Z" finished-at="2019-06-14T08:01:00Z">
    <groups>
    </groups>
    <test name="AddCustomerTest" duration-ms="130303" started-at="2019-06-14T07:58:50Z" finished-at="2019-06-14T08:01:00Z">
      <class name="testcases.BankManagerLogin">
        <test-method status="PASS" signature="setUp()[pri:0, instance:testcases.BankManagerLogin@5bcea91b]" name="setUp" is-config="true" duration-ms="42" started-at="2019-06-14T07:58:50Z" finished-at="2019-06-14T07:58:50Z">
          <reporter-output>
          </reporter-output>
        </test-method> <!-- setUp -->
        <test-method status="PASS" signature="addCustomerTest(java.util.Hashtable)[pri:0, instance:testcases.BankManagerLogin@5bcea91b]" name="addCustomerTest" duration-ms="127668" started-at="2019-06-14T07:58:52Z" data-provider="getBankManagerSuiteData" finished-at="2019-06-14T08:01:00Z">
          <params>
            <param index="0">
              <value>
                <![CDATA[{Username=s, RunMode=Y, Postcode=E859AB , Password=Kumar, Browser=chrome}]]>
              </value>
            </param>
          </params>
          <reporter-output>
          </reporter-output>
        </test-method> <!-- addCustomerTest -->
        <test-method status="PASS" signature="addCustomerTest(java.util.Hashtable)[pri:0, instance:testcases.BankManagerLogin@5bcea91b]" name="addCustomerTest" duration-ms="127660" started-at="2019-06-14T07:58:52Z" data-provider="getBankManagerSuiteData" finished-at="2019-06-14T08:01:00Z">
          <params>
            <param index="0">
              <value>
                <![CDATA[{Username=Varun, RunMode=Y, Postcode=E859AC, Password=Dhawan, Browser=chrome}]]>
              </value>
            </param>
          </params>
          <reporter-output>
          </reporter-output>
        </test-method> <!-- addCustomerTest -->
        <test-method status="PASS" signature="quit()[pri:0, instance:testcases.BankManagerLogin@5bcea91b]" name="quit" is-config="true" duration-ms="515" started-at="2019-06-14T08:01:00Z" finished-at="2019-06-14T08:01:00Z">
          <reporter-output>
          </reporter-output>
        </test-method> <!-- quit -->
        <test-method status="PASS" signature="quit()[pri:0, instance:testcases.BankManagerLogin@5bcea91b]" name="quit" is-config="true" duration-ms="476" started-at="2019-06-14T08:01:00Z" finished-at="2019-06-14T08:01:00Z">
          <reporter-output>
          </reporter-output>
        </test-method> <!-- quit -->
      </class> <!-- testcases.BankManagerLogin -->
    </test> <!-- AddCustomerTest -->
  </suite> <!-- Suite -->
</testng-results>
