<?xml version="1.0" encoding="UTF-8"?>
<testng-results skipped="0" failed="0" ignored="0" total="2" passed="2">
  <reporter-output>
  </reporter-output>
  <suite name="Suite" duration-ms="60893" started-at="2019-06-14T03:25:44Z" finished-at="2019-06-14T03:26:45Z">
    <groups>
    </groups>
    <test name="AddCustomerTest" duration-ms="60893" started-at="2019-06-14T03:25:44Z" finished-at="2019-06-14T03:26:45Z">
      <class name="testcases.BankManagerLogin">
        <test-method status="PASS" signature="setUp()[pri:0, instance:testcases.BankManagerLogin@fe18270]" name="setUp" is-config="true" duration-ms="24" started-at="2019-06-14T08:55:44Z" finished-at="2019-06-14T08:55:44Z">
          <reporter-output>
          </reporter-output>
        </test-method> <!-- setUp -->
        <test-method status="PASS" signature="addCustomerTest(java.util.Hashtable)[pri:0, instance:testcases.BankManagerLogin@fe18270]" name="addCustomerTest" duration-ms="57703" started-at="2019-06-14T08:55:47Z" data-provider="getBankManagerSuiteData" finished-at="2019-06-14T08:56:44Z">
          <params>
            <param index="0">
              <value>
                <![CDATA[{Username=s, RunMode=Y, Postcode=E859AB , Password=Kumar, Browser=chrome}]]>
              </value>
            </param>
          </params>
          <reporter-output>
          </reporter-output>
        </test-method> <!-- addCustomerTest -->
        <test-method status="PASS" signature="addCustomerTest(java.util.Hashtable)[pri:0, instance:testcases.BankManagerLogin@fe18270]" name="addCustomerTest" duration-ms="57686" started-at="2019-06-14T08:55:47Z" data-provider="getBankManagerSuiteData" finished-at="2019-06-14T08:56:44Z">
          <params>
            <param index="0">
              <value>
                <![CDATA[{Username=Varun, RunMode=Y, Postcode=E859AC, Password=Dhawan, Browser=chrome}]]>
              </value>
            </param>
          </params>
          <reporter-output>
          </reporter-output>
        </test-method> <!-- addCustomerTest -->
        <test-method status="PASS" signature="quit()[pri:0, instance:testcases.BankManagerLogin@fe18270]" name="quit" is-config="true" duration-ms="962" started-at="2019-06-14T08:56:44Z" finished-at="2019-06-14T08:56:45Z">
          <reporter-output>
          </reporter-output>
        </test-method> <!-- quit -->
        <test-method status="PASS" signature="quit()[pri:0, instance:testcases.BankManagerLogin@fe18270]" name="quit" is-config="true" duration-ms="965" started-at="2019-06-14T08:56:44Z" finished-at="2019-06-14T08:56:45Z">
          <reporter-output>
          </reporter-output>
        </test-method> <!-- quit -->
      </class> <!-- testcases.BankManagerLogin -->
    </test> <!-- AddCustomerTest -->
  </suite> <!-- Suite -->
</testng-results>
